<pre>Array
(
    [0] => Array
        (
            [id] => 730
            [template_id] => 1
            [created] => 19:15 01.06.2020
            [address] => 0x1543d0F83489e82A1344DF6827B23d541F235A50
            [status] => Создан
            [guide] => Инструкция
            [template] => Обмен токенов
        )

    [1] => Array
        (
            [id] => 120
            [template_id] => 2
            [created] => 19:00 01.06.2020
            [address] => 0x1543d0F83489e7771344DF6827B23d541F235A50
            [status] => Создан
            [guide] => Инструкция
        )

)
</pre><pre>Array
(
    [0] => Array
        (
            [id] => 730
            [template_id] => 1
            [created] => 19:15 01.06.2020
            [address] => 0x1543d0F83489e82A1344DF6827B23d541F235A50
            [status] => Создан
            [guide] => Инструкция
            [template] => Обмен токенов
        )

    [1] => Array
        (
            [template] => Продажа токенов
        )

)
</pre><pre>Array
(
    [0] => Array
        (
            [id] => 730
            [template_id] => 1
            [created] => 19:15 01.06.2020
            [address] => 0x1543d0F83489e82A1344DF6827B23d541F235A50
            [status] => Создан
            [guide] => Инструкция
            [template] => Обмен токенов
        )

)
</pre><pre>Array
(
    [0] => Array
        (
            [id] => 730
            [template_id] => 1
            [created] => 19:15 01.06.2020
            [address] => 0x1543d0F83489e82A1344DF6827B23d541F235A50
            [status] => Создан
            [guide] => Инструкция
            [template] => Обмен токенов
        )

)
</pre><pre>Array
(
    [0] => Array
        (
            [id] => 730
            [template_id] => 1
            [created] => 19:15 01.06.2020
            [address] => 0x1543d0F83489e82A1344DF6827B23d541F235A50
            [status] => Создан
            [guide] => Инструкция
            [template] => Обмен токенов
        )

)
</pre><pre>Array
(
)
</pre><pre>Array
(
    [0] => Array
        (
            [id] => 666
            [template_id] => 1
            [created] => 19:15 01.06.2020
            [address] => 0x1543d0F83489e82A1344DF6827B23d541F235A50
            [status] => Создан
            [guide] => Инструкция
            [template] => Обмен токенов
        )

)
</pre>